-- The C compiler identification is GNU 11.4.0
-- The CXX compiler identification is GNU 11.4.0
-- Detecting C compiler ABI info
-- Detecting C compiler ABI info - done
-- Check for working C compiler: /usr/bin/cc - skipped
-- Detecting C compile features
-- Detecting C compile features - done
-- Detecting CXX compiler ABI info
-- Detecting CXX compiler ABI info - done
-- Check for working CXX compiler: /usr/bin/c++ - skipped
-- Detecting CXX compile features
-- Detecting CXX compile features - done
-- Found ament_cmake: 1.3.12 (/opt/ros/humble/share/ament_cmake/cmake)
-- Found Python3: /usr/bin/python3 (found version "3.10.12") found components: Interpreter 
-- Found rclcpp: 16.0.14 (/opt/ros/humble/share/rclcpp/cmake)
-- Found rosidl_generator_c: 3.1.7 (/opt/ros/humble/share/rosidl_generator_c/cmake)
-- Found rosidl_adapter: 3.1.7 (/opt/ros/humble/share/rosidl_adapter/cmake)
-- Found rosidl_generator_cpp: 3.1.7 (/opt/ros/humble/share/rosidl_generator_cpp/cmake)
-- Using all available rosidl_typesupport_c: rosidl_typesupport_fastrtps_c;rosidl_typesupport_introspection_c
-- Using all available rosidl_typesupport_cpp: rosidl_typesupport_fastrtps_cpp;rosidl_typesupport_introspection_cpp
-- Found rmw_implementation_cmake: 6.1.2 (/opt/ros/humble/share/rmw_implementation_cmake/cmake)
-- Found rmw_fastrtps_cpp: 6.2.8 (/opt/ros/humble/share/rmw_fastrtps_cpp/cmake)
-- Found OpenSSL: /usr/lib/x86_64-linux-gnu/libcrypto.so (found version "3.0.2")  
-- Found FastRTPS: /opt/ros/humble/include  
-- Using RMW implementation 'rmw_fastrtps_cpp' as default
-- Looking for pthread.h
-- Looking for pthread.h - found
-- Performing Test CMAKE_HAVE_LIBC_PTHREAD
-- Performing Test CMAKE_HAVE_LIBC_PTHREAD - Success
-- Found Threads: TRUE  
-- Found mavros_msgs: 2.10.1 (/home/vaderplz/px4_ws/install/mavros_msgs/share/mavros_msgs/cmake)
-- Found ament_lint_auto: 0.12.14 (/opt/ros/humble/share/ament_lint_auto/cmake)
-- Added test 'cppcheck' to perform static code analysis on C / C++ code
-- Configured cppcheck include dirs: 
-- Configured cppcheck exclude dirs and/or files: 
-- Added test 'lint_cmake' to check CMake code style
-- Added test 'uncrustify' to check C / C++ code style
-- Configured uncrustify additional arguments: 
-- Added test 'xmllint' to check XML markup files
-- Configuring done
-- Generating done
-- Build files have been written to: /home/vaderplz/px4_ws/src/px4_controller/build/px4_controller
[ 12%] [32mBuilding CXX object CMakeFiles/offboard.dir/src/set_offboard.cpp.o[0m
[ 25%] [32mBuilding CXX object CMakeFiles/OFFF.dir/src/OFFBOARD_NODE.cpp.o[0m
[ 37%] [32mBuilding CXX object CMakeFiles/arm2.dir/src/arm2.cpp.o[0m
[ 50%] [32mBuilding CXX object CMakeFiles/mis1.dir/src/mission1.cpp.o[0m
[01m[K/home/vaderplz/px4_ws/src/px4_controller/src/OFFBOARD_NODE.cpp:53:9:[m[K [01;31m[Kerror: [m[Kexpected unqualified-id before â€˜[01m[Kif[m[Kâ€™
   53 |         [01;31m[Kif[m[K (rclcpp::spin_until_future_complete(this->get_node_base_interface(), arming_future) == rclcpp::FutureReturnCode::SUCCESS) {
      |         [01;31m[K^~[m[K
[01m[K/home/vaderplz/px4_ws/src/px4_controller/src/OFFBOARD_NODE.cpp:59:7:[m[K [01;31m[Kerror: [m[Kexpected unqualified-id before â€˜[01m[Kelse[m[Kâ€™
   59 |     } [01;31m[Kelse[m[K {
      |       [01;31m[K^~~~[m[K
[01m[K/home/vaderplz/px4_ws/src/px4_controller/src/OFFBOARD_NODE.cpp:60:77:[m[K [01;31m[Kerror: [m[Kexpected declaration before â€˜[01m[K}[m[Kâ€™ token
   60 |         RCLCPP_ERROR(this->get_logger(), "Failed to call arming service.");}[01;31m[K}[m[K
      |                                                                             [01;31m[K^[m[K
[01m[K/home/vaderplz/px4_ws/src/px4_controller/src/mission1.cpp:[m[K In member function â€˜[01m[Kvoid OffboardControl::control_loop()[m[Kâ€™:
[01m[K/home/vaderplz/px4_ws/src/px4_controller/src/mission1.cpp:75:16:[m[K [01;35m[Kwarning: [m[Kenumeration value â€˜[01m[KSTREAMING_SETPOINTS[m[Kâ€™ not handled in switch [[01;35m[K]8;;https://gcc.gnu.org/onlinedocs/gcc/Warning-Options.html#index-Wswitch-Wswitch]8;;[m[K]
   75 |         switch [01;35m[K([m[Knode_state_) {
      |                [01;35m[K^[m[K
[ 62%] [32m[1mLinking CXX executable offboard[0m
[ 75%] [32m[1mLinking CXX executable arm2[0m
gmake[2]: *** [CMakeFiles/OFFF.dir/build.make:76: CMakeFiles/OFFF.dir/src/OFFBOARD_NODE.cpp.o] Error 1
gmake[1]: *** [CMakeFiles/Makefile2:221: CMakeFiles/OFFF.dir/all] Error 2
gmake[1]: *** Waiting for unfinished jobs....
[ 75%] Built target offboard
[ 75%] Built target arm2
[ 87%] [32m[1mLinking CXX executable mis1[0m
[ 87%] Built target mis1
gmake: *** [Makefile:146: all] Error 2
