[0.024s] Invoking command in '/home/vaderplz/px4_ws/src/px4_controller/build/px4_controller': CMAKE_PREFIX_PATH=${CMAKE_PREFIX_PATH}:/home/vaderplz/ws_offboard_control/install/px4_offboard:/opt/ros/humble /usr/bin/cmake /home/vaderplz/px4_ws/src/px4_controller -DCMAKE_INSTALL_PREFIX=/home/vaderplz/px4_ws/src/px4_controller/install/px4_controller
[0.182s] -- The C compiler identification is GNU 11.4.0
[0.381s] -- The CXX compiler identification is GNU 11.4.0
[0.403s] -- Detecting C compiler ABI info
[0.532s] -- Detecting C compiler ABI info - done
[0.547s] -- Check for working C compiler: /usr/bin/cc - skipped
[0.548s] -- Detecting C compile features
[0.550s] -- Detecting C compile features - done
[0.558s] -- Detecting CXX compiler ABI info
[0.688s] -- Detecting CXX compiler ABI info - done
[0.707s] -- Check for working CXX compiler: /usr/bin/c++ - skipped
[0.708s] -- Detecting CXX compile features
[0.708s] -- Detecting CXX compile features - done
[0.728s] -- Found ament_cmake: 1.3.12 (/opt/ros/humble/share/ament_cmake/cmake)
[1.250s] -- Found Python3: /usr/bin/python3 (found version "3.10.12") found components: Interpreter 
[1.415s] -- Found rclcpp: 16.0.14 (/opt/ros/humble/share/rclcpp/cmake)
[1.512s] -- Found rosidl_generator_c: 3.1.7 (/opt/ros/humble/share/rosidl_generator_c/cmake)
[1.523s] -- Found rosidl_adapter: 3.1.7 (/opt/ros/humble/share/rosidl_adapter/cmake)
[1.544s] -- Found rosidl_generator_cpp: 3.1.7 (/opt/ros/humble/share/rosidl_generator_cpp/cmake)
[1.573s] -- Using all available rosidl_typesupport_c: rosidl_typesupport_fastrtps_c;rosidl_typesupport_introspection_c
[1.605s] -- Using all available rosidl_typesupport_cpp: rosidl_typesupport_fastrtps_cpp;rosidl_typesupport_introspection_cpp
[1.700s] -- Found rmw_implementation_cmake: 6.1.2 (/opt/ros/humble/share/rmw_implementation_cmake/cmake)
[1.709s] -- Found rmw_fastrtps_cpp: 6.2.8 (/opt/ros/humble/share/rmw_fastrtps_cpp/cmake)
[1.873s] -- Found OpenSSL: /usr/lib/x86_64-linux-gnu/libcrypto.so (found version "3.0.2")  
[1.923s] -- Found FastRTPS: /opt/ros/humble/include  
[1.979s] -- Using RMW implementation 'rmw_fastrtps_cpp' as default
[2.000s] -- Looking for pthread.h
[2.096s] -- Looking for pthread.h - found
[2.096s] -- Performing Test CMAKE_HAVE_LIBC_PTHREAD
[2.196s] -- Performing Test CMAKE_HAVE_LIBC_PTHREAD - Success
[2.197s] -- Found Threads: TRUE  
[2.294s] -- Found mavros_msgs: 2.10.1 (/home/vaderplz/px4_ws/install/mavros_msgs/share/mavros_msgs/cmake)
[2.446s] -- Found ament_lint_auto: 0.12.14 (/opt/ros/humble/share/ament_lint_auto/cmake)
[2.613s] -- Added test 'cppcheck' to perform static code analysis on C / C++ code
[2.613s] -- Configured cppcheck include dirs: 
[2.613s] -- Configured cppcheck exclude dirs and/or files: 
[2.617s] -- Added test 'lint_cmake' to check CMake code style
[2.623s] -- Added test 'uncrustify' to check C / C++ code style
[2.623s] -- Configured uncrustify additional arguments: 
[2.625s] -- Added test 'xmllint' to check XML markup files
[2.630s] -- Configuring done
[2.660s] -- Generating done
[2.675s] -- Build files have been written to: /home/vaderplz/px4_ws/src/px4_controller/build/px4_controller
[2.692s] Invoked command in '/home/vaderplz/px4_ws/src/px4_controller/build/px4_controller' returned '0': CMAKE_PREFIX_PATH=${CMAKE_PREFIX_PATH}:/home/vaderplz/ws_offboard_control/install/px4_offboard:/opt/ros/humble /usr/bin/cmake /home/vaderplz/px4_ws/src/px4_controller -DCMAKE_INSTALL_PREFIX=/home/vaderplz/px4_ws/src/px4_controller/install/px4_controller
[2.696s] Invoking command in '/home/vaderplz/px4_ws/src/px4_controller/build/px4_controller': CMAKE_PREFIX_PATH=${CMAKE_PREFIX_PATH}:/home/vaderplz/ws_offboard_control/install/px4_offboard:/opt/ros/humble /usr/bin/cmake --build /home/vaderplz/px4_ws/src/px4_controller/build/px4_controller -- -j8 -l8
[2.785s] [ 12%] [32mBuilding CXX object CMakeFiles/offboard.dir/src/set_offboard.cpp.o[0m
[2.788s] [ 25%] [32mBuilding CXX object CMakeFiles/OFFF.dir/src/OFFBOARD_NODE.cpp.o[0m
[2.789s] [ 37%] [32mBuilding CXX object CMakeFiles/arm2.dir/src/arm2.cpp.o[0m
[2.789s] [ 50%] [32mBuilding CXX object CMakeFiles/mis1.dir/src/mission1.cpp.o[0m
[7.760s] [01m[K/home/vaderplz/px4_ws/src/px4_controller/src/OFFBOARD_NODE.cpp:53:9:[m[K [01;31m[Kerror: [m[Kexpected unqualified-id before â€˜[01m[Kif[m[Kâ€™
[7.760s]    53 |         [01;31m[Kif[m[K (rclcpp::spin_until_future_complete(this->get_node_base_interface(), arming_future) == rclcpp::FutureReturnCode::SUCCESS) {
[7.760s]       |         [01;31m[K^~[m[K
[7.760s] [01m[K/home/vaderplz/px4_ws/src/px4_controller/src/OFFBOARD_NODE.cpp:59:7:[m[K [01;31m[Kerror: [m[Kexpected unqualified-id before â€˜[01m[Kelse[m[Kâ€™
[7.760s]    59 |     } [01;31m[Kelse[m[K {
[7.760s]       |       [01;31m[K^~~~[m[K
[7.761s] [01m[K/home/vaderplz/px4_ws/src/px4_controller/src/OFFBOARD_NODE.cpp:60:77:[m[K [01;31m[Kerror: [m[Kexpected declaration before â€˜[01m[K}[m[Kâ€™ token
[7.761s]    60 |         RCLCPP_ERROR(this->get_logger(), "Failed to call arming service.");}[01;31m[K}[m[K
[7.761s]       |                                                                             [01;31m[K^[m[K
[7.843s] [01m[K/home/vaderplz/px4_ws/src/px4_controller/src/mission1.cpp:[m[K In member function â€˜[01m[Kvoid OffboardControl::control_loop()[m[Kâ€™:
[7.844s] [01m[K/home/vaderplz/px4_ws/src/px4_controller/src/mission1.cpp:75:16:[m[K [01;35m[Kwarning: [m[Kenumeration value â€˜[01m[KSTREAMING_SETPOINTS[m[Kâ€™ not handled in switch [[01;35m[K]8;;https://gcc.gnu.org/onlinedocs/gcc/Warning-Options.html#index-Wswitch-Wswitch]8;;[m[K]
[7.844s]    75 |         switch [01;35m[K([m[Knode_state_) {
[7.844s]       |                [01;35m[K^[m[K
[9.696s] [ 62%] [32m[1mLinking CXX executable offboard[0m
[9.777s] [ 75%] [32m[1mLinking CXX executable arm2[0m
[9.914s] gmake[2]: *** [CMakeFiles/OFFF.dir/build.make:76: CMakeFiles/OFFF.dir/src/OFFBOARD_NODE.cpp.o] Error 1
[9.914s] gmake[1]: *** [CMakeFiles/Makefile2:221: CMakeFiles/OFFF.dir/all] Error 2
[9.915s] gmake[1]: *** Waiting for unfinished jobs....
[10.112s] [ 75%] Built target offboard
[10.129s] [ 75%] Built target arm2
[17.418s] [ 87%] [32m[1mLinking CXX executable mis1[0m
[18.204s] [ 87%] Built target mis1
[18.205s] gmake: *** [Makefile:146: all] Error 2
[18.208s] Invoked command in '/home/vaderplz/px4_ws/src/px4_controller/build/px4_controller' returned '2': CMAKE_PREFIX_PATH=${CMAKE_PREFIX_PATH}:/home/vaderplz/ws_offboard_control/install/px4_offboard:/opt/ros/humble /usr/bin/cmake --build /home/vaderplz/px4_ws/src/px4_controller/build/px4_controller -- -j8 -l8
